build/app/intermediates/manifest_merge_blame_file/release/processReleaseMainManifest/manifest-merger-blame-release-report.txt
1<?xml version="1.0" encoding="utf-8"?>
2<manifest xmlns:android="http://schemas.android.com/apk/res/android"
3    package="com.example.attedance__"
4    android:versionCode="1"
5    android:versionName="1.0.0" >
6
7    <uses-sdk
8        android:minSdkVersion="21"
9        android:targetSdkVersion="35" />
10    <!-- Add these permissions -->
11    <uses-permission android:name="android.permission.INTERNET" />
11-->src/main/AndroidManifest.xml:3:5-66
11-->src/main/AndroidManifest.xml:3:22-64
12    <uses-permission android:name="android.permission.READ_EXTERNAL_STORAGE" />
12-->src/main/AndroidManifest.xml:4:5-80
12-->src/main/AndroidManifest.xml:4:22-77
13    <uses-permission android:name="android.permission.CAMERA" />
13-->src/main/AndroidManifest.xml:5:5-65
13-->src/main/AndroidManifest.xml:5:22-62
14    <!--
15         Required to query activities that can process text, see:
16         https://developer.android.com/training/package-visibility and
17         https://developer.android.com/reference/android/content/Intent#ACTION_PROCESS_TEXT.
18
19         In particular, this is used by the Flutter engine in io.flutter.plugin.text.ProcessTextPlugin.
20    -->
21    <queries>
21-->src/main/AndroidManifest.xml:44:5-49:15
22        <intent>
22-->src/main/AndroidManifest.xml:45:9-48:18
23            <action android:name="android.intent.action.PROCESS_TEXT" />
23-->src/main/AndroidManifest.xml:46:13-72
23-->src/main/AndroidManifest.xml:46:21-70
24
25            <data android:mimeType="text/plain" />
25-->src/main/AndroidManifest.xml:47:13-50
25-->src/main/AndroidManifest.xml:47:19-48
26        </intent>
27        <intent>
27-->[:file_picker] AndroidManifest.xml:8:9-12:18
28            <action android:name="android.intent.action.GET_CONTENT" />
28-->[:file_picker] AndroidManifest.xml:9:13-72
28-->[:file_picker] AndroidManifest.xml:9:21-69
29
30            <data android:mimeType="*/*" />
30-->src/main/AndroidManifest.xml:47:13-50
30-->src/main/AndroidManifest.xml:47:19-48
31        </intent>
32    </queries>
33
34    <permission
34-->[androidx.core:core:1.13.1] AndroidManifest.xml:22:5-24:47
35        android:name="com.example.attedance__.DYNAMIC_RECEIVER_NOT_EXPORTED_PERMISSION"
35-->[androidx.core:core:1.13.1] AndroidManifest.xml:23:9-81
36        android:protectionLevel="signature" />
36-->[androidx.core:core:1.13.1] AndroidManifest.xml:24:9-44
37
38    <uses-permission android:name="com.example.attedance__.DYNAMIC_RECEIVER_NOT_EXPORTED_PERMISSION" />
38-->[androidx.core:core:1.13.1] AndroidManifest.xml:26:5-97
38-->[androidx.core:core:1.13.1] AndroidManifest.xml:26:22-94
39
40    <application
41        android:name="android.app.Application"
41-->src/main/AndroidManifest.xml:9:9-42
42        android:appComponentFactory="androidx.core.app.CoreComponentFactory"
42-->[androidx.core:core:1.13.1] AndroidManifest.xml:28:18-86
43        android:extractNativeLibs="true"
44        android:icon="@mipmap/ic_launcher"
44-->src/main/AndroidManifest.xml:10:9-43
45        android:label="attedance__" >
45-->src/main/AndroidManifest.xml:8:9-36
46        <activity
46-->src/main/AndroidManifest.xml:11:9-32:20
47            android:name="com.example.attedance__.MainActivity"
47-->src/main/AndroidManifest.xml:12:13-41
48            android:configChanges="orientation|keyboardHidden|keyboard|screenSize|smallestScreenSize|locale|layoutDirection|fontScale|screenLayout|density|uiMode"
48-->src/main/AndroidManifest.xml:17:13-163
49            android:exported="true"
49-->src/main/AndroidManifest.xml:13:13-36
50            android:hardwareAccelerated="true"
50-->src/main/AndroidManifest.xml:18:13-47
51            android:launchMode="singleTop"
51-->src/main/AndroidManifest.xml:14:13-43
52            android:taskAffinity=""
52-->src/main/AndroidManifest.xml:15:13-36
53            android:theme="@style/LaunchTheme"
53-->src/main/AndroidManifest.xml:16:13-47
54            android:windowSoftInputMode="adjustResize" >
54-->src/main/AndroidManifest.xml:19:13-55
55
56            <!--
57                 Specifies an Android theme to apply to this Activity as soon as
58                 the Android process has started. This theme is visible to the user
59                 while the Flutter UI initializes. After that, this theme continues
60                 to determine the Window background behind the Flutter UI.
61            -->
62            <meta-data
62-->src/main/AndroidManifest.xml:24:13-27:17
63                android:name="io.flutter.embedding.android.NormalTheme"
63-->src/main/AndroidManifest.xml:25:15-70
64                android:resource="@style/NormalTheme" />
64-->src/main/AndroidManifest.xml:26:15-52
65
66            <intent-filter>
66-->src/main/AndroidManifest.xml:28:13-31:29
67                <action android:name="android.intent.action.MAIN" />
67-->src/main/AndroidManifest.xml:29:17-68
67-->src/main/AndroidManifest.xml:29:25-66
68
69                <category android:name="android.intent.category.LAUNCHER" />
69-->src/main/AndroidManifest.xml:30:17-76
69-->src/main/AndroidManifest.xml:30:27-74
70            </intent-filter>
71        </activity>
72        <!--
73             Don't delete the meta-data below.
74             This is used by the Flutter tool to generate GeneratedPluginRegistrant.java
75        -->
76        <meta-data
76-->src/main/AndroidManifest.xml:35:9-37:33
77            android:name="flutterEmbedding"
77-->src/main/AndroidManifest.xml:36:13-44
78            android:value="2" />
78-->src/main/AndroidManifest.xml:37:13-30
79        <!--
80           Declares a provider which allows us to store files to share in
81           '.../caches/share_plus' and grant the receiving action access
82        -->
83        <provider
83-->[:share_plus] AndroidManifest.xml:13:9-21:20
84            android:name="dev.fluttercommunity.plus.share.ShareFileProvider"
84-->[:share_plus] AndroidManifest.xml:14:13-77
85            android:authorities="com.example.attedance__.flutter.share_provider"
85-->[:share_plus] AndroidManifest.xml:15:13-74
86            android:exported="false"
86-->[:share_plus] AndroidManifest.xml:16:13-37
87            android:grantUriPermissions="true" >
87-->[:share_plus] AndroidManifest.xml:17:13-47
88            <meta-data
88-->[:share_plus] AndroidManifest.xml:18:13-20:68
89                android:name="android.support.FILE_PROVIDER_PATHS"
89-->[:share_plus] AndroidManifest.xml:19:17-67
90                android:resource="@xml/flutter_share_file_paths" />
90-->[:share_plus] AndroidManifest.xml:20:17-65
91        </provider>
92        <!--
93           This manifest declared broadcast receiver allows us to use an explicit
94           Intent when creating a PendingItent to be informed of the user's choice
95        -->
96        <receiver
96-->[:share_plus] AndroidManifest.xml:26:9-32:20
97            android:name="dev.fluttercommunity.plus.share.SharePlusPendingIntent"
97-->[:share_plus] AndroidManifest.xml:27:13-82
98            android:exported="false" >
98-->[:share_plus] AndroidManifest.xml:28:13-37
99            <intent-filter>
99-->[:share_plus] AndroidManifest.xml:29:13-31:29
100                <action android:name="EXTRA_CHOSEN_COMPONENT" />
100-->[:share_plus] AndroidManifest.xml:30:17-65
100-->[:share_plus] AndroidManifest.xml:30:25-62
101            </intent-filter>
102        </receiver>
103
104        <provider
104-->[:image_picker_android] AndroidManifest.xml:9:9-17:20
105            android:name="io.flutter.plugins.imagepicker.ImagePickerFileProvider"
105-->[:image_picker_android] AndroidManifest.xml:10:13-82
106            android:authorities="com.example.attedance__.flutter.image_provider"
106-->[:image_picker_android] AndroidManifest.xml:11:13-74
107            android:exported="false"
107-->[:image_picker_android] AndroidManifest.xml:12:13-37
108            android:grantUriPermissions="true" >
108-->[:image_picker_android] AndroidManifest.xml:13:13-47
109            <meta-data
109-->[:share_plus] AndroidManifest.xml:18:13-20:68
110                android:name="android.support.FILE_PROVIDER_PATHS"
110-->[:share_plus] AndroidManifest.xml:19:17-67
111                android:resource="@xml/flutter_image_picker_file_paths" />
111-->[:share_plus] AndroidManifest.xml:20:17-65
112        </provider> <!-- Trigger Google Play services to install the backported photo picker module. -->
113        <service
113-->[:image_picker_android] AndroidManifest.xml:19:9-31:19
114            android:name="com.google.android.gms.metadata.ModuleDependencies"
114-->[:image_picker_android] AndroidManifest.xml:20:13-78
115            android:enabled="false"
115-->[:image_picker_android] AndroidManifest.xml:21:13-36
116            android:exported="false" >
116-->[:image_picker_android] AndroidManifest.xml:22:13-37
117            <intent-filter>
117-->[:image_picker_android] AndroidManifest.xml:24:13-26:29
118                <action android:name="com.google.android.gms.metadata.MODULE_DEPENDENCIES" />
118-->[:image_picker_android] AndroidManifest.xml:25:17-94
118-->[:image_picker_android] AndroidManifest.xml:25:25-91
119            </intent-filter>
120
121            <meta-data
121-->[:image_picker_android] AndroidManifest.xml:28:13-30:36
122                android:name="photopicker_activity:0:required"
122-->[:image_picker_android] AndroidManifest.xml:29:17-63
123                android:value="" />
123-->[:image_picker_android] AndroidManifest.xml:30:17-33
124        </service>
125
126        <activity
126-->[:url_launcher_android] AndroidManifest.xml:8:9-11:74
127            android:name="io.flutter.plugins.urllauncher.WebViewActivity"
127-->[:url_launcher_android] AndroidManifest.xml:9:13-74
128            android:exported="false"
128-->[:url_launcher_android] AndroidManifest.xml:10:13-37
129            android:theme="@android:style/Theme.NoTitleBar.Fullscreen" />
129-->[:url_launcher_android] AndroidManifest.xml:11:13-71
130
131        <provider
131-->[androidx.lifecycle:lifecycle-process:2.7.0] AndroidManifest.xml:24:9-32:20
132            android:name="androidx.startup.InitializationProvider"
132-->[androidx.lifecycle:lifecycle-process:2.7.0] AndroidManifest.xml:25:13-67
133            android:authorities="com.example.attedance__.androidx-startup"
133-->[androidx.lifecycle:lifecycle-process:2.7.0] AndroidManifest.xml:26:13-68
134            android:exported="false" >
134-->[androidx.lifecycle:lifecycle-process:2.7.0] AndroidManifest.xml:27:13-37
135            <meta-data
135-->[androidx.lifecycle:lifecycle-process:2.7.0] AndroidManifest.xml:29:13-31:52
136                android:name="androidx.lifecycle.ProcessLifecycleInitializer"
136-->[androidx.lifecycle:lifecycle-process:2.7.0] AndroidManifest.xml:30:17-78
137                android:value="androidx.startup" />
137-->[androidx.lifecycle:lifecycle-process:2.7.0] AndroidManifest.xml:31:17-49
138            <meta-data
138-->[androidx.profileinstaller:profileinstaller:1.3.1] AndroidManifest.xml:29:13-31:52
139                android:name="androidx.profileinstaller.ProfileInstallerInitializer"
139-->[androidx.profileinstaller:profileinstaller:1.3.1] AndroidManifest.xml:30:17-85
140                android:value="androidx.startup" />
140-->[androidx.profileinstaller:profileinstaller:1.3.1] AndroidManifest.xml:31:17-49
141        </provider>
142
143        <uses-library
143-->[androidx.window:window:1.2.0] AndroidManifest.xml:23:9-25:40
144            android:name="androidx.window.extensions"
144-->[androidx.window:window:1.2.0] AndroidManifest.xml:24:13-54
145            android:required="false" />
145-->[androidx.window:window:1.2.0] AndroidManifest.xml:25:13-37
146        <uses-library
146-->[androidx.window:window:1.2.0] AndroidManifest.xml:26:9-28:40
147            android:name="androidx.window.sidecar"
147-->[androidx.window:window:1.2.0] AndroidManifest.xml:27:13-51
148            android:required="false" />
148-->[androidx.window:window:1.2.0] AndroidManifest.xml:28:13-37
149
150        <receiver
150-->[androidx.profileinstaller:profileinstaller:1.3.1] AndroidManifest.xml:34:9-52:20
151            android:name="androidx.profileinstaller.ProfileInstallReceiver"
151-->[androidx.profileinstaller:profileinstaller:1.3.1] AndroidManifest.xml:35:13-76
152            android:directBootAware="false"
152-->[androidx.profileinstaller:profileinstaller:1.3.1] AndroidManifest.xml:36:13-44
153            android:enabled="true"
153-->[androidx.profileinstaller:profileinstaller:1.3.1] AndroidManifest.xml:37:13-35
154            android:exported="true"
154-->[androidx.profileinstaller:profileinstaller:1.3.1] AndroidManifest.xml:38:13-36
155            android:permission="android.permission.DUMP" >
155-->[androidx.profileinstaller:profileinstaller:1.3.1] AndroidManifest.xml:39:13-57
156            <intent-filter>
156-->[androidx.profileinstaller:profileinstaller:1.3.1] AndroidManifest.xml:40:13-42:29
157                <action android:name="androidx.profileinstaller.action.INSTALL_PROFILE" />
157-->[androidx.profileinstaller:profileinstaller:1.3.1] AndroidManifest.xml:41:17-91
157-->[androidx.profileinstaller:profileinstaller:1.3.1] AndroidManifest.xml:41:25-88
158            </intent-filter>
159            <intent-filter>
159-->[androidx.profileinstaller:profileinstaller:1.3.1] AndroidManifest.xml:43:13-45:29
160                <action android:name="androidx.profileinstaller.action.SKIP_FILE" />
160-->[androidx.profileinstaller:profileinstaller:1.3.1] AndroidManifest.xml:44:17-85
160-->[androidx.profileinstaller:profileinstaller:1.3.1] AndroidManifest.xml:44:25-82
161            </intent-filter>
162            <intent-filter>
162-->[androidx.profileinstaller:profileinstaller:1.3.1] AndroidManifest.xml:46:13-48:29
163                <action android:name="androidx.profileinstaller.action.SAVE_PROFILE" />
163-->[androidx.profileinstaller:profileinstaller:1.3.1] AndroidManifest.xml:47:17-88
163-->[androidx.profileinstaller:profileinstaller:1.3.1] AndroidManifest.xml:47:25-85
164            </intent-filter>
165            <intent-filter>
165-->[androidx.profileinstaller:profileinstaller:1.3.1] AndroidManifest.xml:49:13-51:29
166                <action android:name="androidx.profileinstaller.action.BENCHMARK_OPERATION" />
166-->[androidx.profileinstaller:profileinstaller:1.3.1] AndroidManifest.xml:50:17-95
166-->[androidx.profileinstaller:profileinstaller:1.3.1] AndroidManifest.xml:50:25-92
167            </intent-filter>
168        </receiver>
169    </application>
170
171</manifest>